Using pre-set license
Built from '2021.3/staging' branch; Version is '2021.3.4f1 (cb45f9cae8b7) revision 13321721'; Using compiler version '192829333'; Build Type 'Release'
OS: 'Windows 10  (10.0.19044) 64bit Core' Language: 'en' Physical Memory: 16154 MB
BatchMode: 1, IsHumanControllingUs: 0, StartBugReporterOnCrash: 0, Is64bit: 1, IsPro: 1

COMMAND LINE ARGUMENTS:
C:\Program Files\Unity\Hub\Editor\2021.3.4f1\Editor\Unity.exe
-adb2
-batchMode
-noUpm
-name
AssetImportWorker0
-projectPath
C:/Users/ifigu/Downloads/INF360 - Gestion de Proyectos Informaticos/Unity/Feelink PMV
-logFile
Logs/AssetImportWorker0.log
-srvPort
55875
Successfully changed project path to: C:/Users/ifigu/Downloads/INF360 - Gestion de Proyectos Informaticos/Unity/Feelink PMV
C:/Users/ifigu/Downloads/INF360 - Gestion de Proyectos Informaticos/Unity/Feelink PMV
[UnityMemory] Configuration Parameters - Can be set up in boot.config
    "memorysetup-bucket-allocator-granularity=16"
    "memorysetup-bucket-allocator-bucket-count=8"
    "memorysetup-bucket-allocator-block-size=33554432"
    "memorysetup-bucket-allocator-block-count=8"
    "memorysetup-main-allocator-block-size=16777216"
    "memorysetup-thread-allocator-block-size=16777216"
    "memorysetup-gfx-main-allocator-block-size=16777216"
    "memorysetup-gfx-thread-allocator-block-size=16777216"
    "memorysetup-cache-allocator-block-size=4194304"
    "memorysetup-typetree-allocator-block-size=2097152"
    "memorysetup-profiler-bucket-allocator-granularity=16"
    "memorysetup-profiler-bucket-allocator-bucket-count=8"
    "memorysetup-profiler-bucket-allocator-block-size=33554432"
    "memorysetup-profiler-bucket-allocator-block-count=8"
    "memorysetup-profiler-allocator-block-size=16777216"
    "memorysetup-profiler-editor-allocator-block-size=1048576"
    "memorysetup-temp-allocator-size-main=16777216"
    "memorysetup-job-temp-allocator-block-size=2097152"
    "memorysetup-job-temp-allocator-block-size-background=1048576"
    "memorysetup-job-temp-allocator-reduction-small-platforms=262144"
    "memorysetup-temp-allocator-size-background-worker=32768"
    "memorysetup-temp-allocator-size-job-worker=262144"
    "memorysetup-temp-allocator-size-preload-manager=33554432"
    "memorysetup-temp-allocator-size-nav-mesh-worker=65536"
    "memorysetup-temp-allocator-size-audio-worker=65536"
    "memorysetup-temp-allocator-size-cloud-worker=32768"
    "memorysetup-temp-allocator-size-gi-baking-worker=262144"
    "memorysetup-temp-allocator-size-gfx=262144"
Refreshing native plugins compatible for Editor in 93.08 ms, found 11 plugins.
Preloading 1 native plugins for Editor in 0.74 ms.
Initialize engine version: 2021.3.4f1 (cb45f9cae8b7)
[Subsystems] Discovering subsystems at path C:/Program Files/Unity/Hub/Editor/2021.3.4f1/Editor/Data/Resources/UnitySubsystems
[Subsystems] Discovering subsystems at path C:/Users/ifigu/Downloads/INF360 - Gestion de Proyectos Informaticos/Unity/Feelink PMV/Assets
GfxDevice: creating device client; threaded=0; jobified=0
Direct3D:
    Version:  Direct3D 11.0 [level 11.1]
    Renderer: NVIDIA GeForce RTX 3070 Laptop GPU (ID=0x249d)
    Vendor:   NVIDIA
    VRAM:     8044 MB
    Driver:   30.0.15.1215
Initialize mono
Mono path[0] = 'C:/Program Files/Unity/Hub/Editor/2021.3.4f1/Editor/Data/Managed'
Mono path[1] = 'C:/Program Files/Unity/Hub/Editor/2021.3.4f1/Editor/Data/MonoBleedingEdge/lib/mono/unityjit-win32'
Mono config path = 'C:/Program Files/Unity/Hub/Editor/2021.3.4f1/Editor/Data/MonoBleedingEdge/etc'
Using monoOptions --debugger-agent=transport=dt_socket,embedding=1,server=y,suspend=n,address=127.0.0.1:56756
Begin MonoManager ReloadAssembly
Registering precompiled unity dll's ...
Register platform support module: C:/Program Files/Unity/Hub/Editor/2021.3.4f1/Editor/Data/PlaybackEngines/WebGLSupport/UnityEditor.WebGL.Extensions.dll
Register platform support module: C:/Program Files/Unity/Hub/Editor/2021.3.4f1/Editor/Data/PlaybackEngines/WindowsStandaloneSupport/UnityEditor.WindowsStandalone.Extensions.dll
Registered in 0.005509 seconds.
Native extension for WindowsStandalone target not found
Native extension for WebGL target not found
Refreshing native plugins compatible for Editor in 88.10 ms, found 11 plugins.
Preloading 1 native plugins for Editor in 0.08 ms.
Mono: successfully reloaded assembly
- Completed reload, in  0.529 seconds
Domain Reload Profiling:
	ReloadAssembly (530ms)
		BeginReloadAssembly (58ms)
			ExecutionOrderSort (0ms)
			DisableScriptedObjects (0ms)
			BackupInstance (0ms)
			ReleaseScriptingObjects (0ms)
			CreateAndSetChildDomain (1ms)
		EndReloadAssembly (388ms)
			LoadAssemblies (56ms)
			RebuildTransferFunctionScriptingTraits (0ms)
			SetupTypeCache (89ms)
			ReleaseScriptCaches (0ms)
			RebuildScriptCaches (19ms)
			SetupLoadedEditorAssemblies (234ms)
				LogAssemblyErrors (0ms)
				InitializePlatformSupportModulesInManaged (7ms)
				SetLoadedEditorAssemblies (0ms)
				RefreshPlugins (88ms)
				BeforeProcessingInitializeOnLoad (1ms)
				ProcessInitializeOnLoadAttributes (105ms)
				ProcessInitializeOnLoadMethodAttributes (32ms)
				AfterProcessingInitializeOnLoad (0ms)
				EditorAssembliesLoaded (0ms)
			ExecutionOrderSort2 (0ms)
			AwakeInstancesAfterBackupRestoration (0ms)
Platform modules already initialized, skipping
Registering precompiled user dll's ...
Registered in 0.007696 seconds.
Begin MonoManager ReloadAssembly
Symbol file LoadedFromMemory doesn't match image C:\Users\ifigu\Downloads\INF360 - Gestion de Proyectos Informaticos\Unity\Feelink PMV\Library\PackageCache\com.unity.visualscripting@1.7.8\Editor\VisualScripting.Core\Dependencies\DotNetZip\Unity.VisualScripting.IonicZip.dll
Symbol file LoadedFromMemory doesn't match image C:\Users\ifigu\Downloads\INF360 - Gestion de Proyectos Informaticos\Unity\Feelink PMV\Library\PackageCache\com.unity.visualscripting@1.7.8\Editor\VisualScripting.Core\Dependencies\YamlDotNet\Unity.VisualScripting.YamlDotNet.dll
Native extension for WindowsStandalone target not found
Native extension for WebGL target not found
Refreshing native plugins compatible for Editor in 95.78 ms, found 11 plugins.
Preloading 1 native plugins for Editor in 0.08 ms.
Package Manager log level set to [2]
System.Reflection.TargetInvocationException: Exception has been thrown by the target of an invocation. ---> System.NullReferenceException: Object reference not set to an instance of an object
  at Unity.XR.Oculus.OculusLoader.AssetPathToAbsolutePath (System.String assetPath) [0x0003d] in C:\Users\ifigu\Downloads\INF360 - Gestion de Proyectos Informaticos\Unity\Feelink PMV\Library\PackageCache\com.unity.xr.oculus@3.0.1\Runtime\OculusLoader.cs:257 
  at Unity.XR.Oculus.OculusLoader.EditorLoadOVRPlugin () [0x0007b] in C:\Users\ifigu\Downloads\INF360 - Gestion de Proyectos Informaticos\Unity\Feelink PMV\Library\PackageCache\com.unity.xr.oculus@3.0.1\Runtime\OculusLoader.cs:242 
  at (wrapper managed-to-native) System.Reflection.RuntimeMethodInfo.InternalInvoke(System.Reflection.RuntimeMethodInfo,object,object[],System.Exception&)
  at System.Reflection.RuntimeMethodInfo.Invoke (System.Object obj, System.Reflection.BindingFlags invokeAttr, System.Reflection.Binder binder, System.Object[] parameters, System.Globalization.CultureInfo culture) [0x0006a] in <d4cde64232cf45659d86aafa597faa77>:0 
   --- End of inner exception stack trace ---
  at System.Reflection.RuntimeMethodInfo.Invoke (System.Object obj, System.Reflection.BindingFlags invokeAttr, System.Reflection.Binder binder, System.Object[] parameters, System.Globalization.CultureInfo culture) [0x00083] in <d4cde64232cf45659d86aafa597faa77>:0 
  at System.Reflection.MethodBase.Invoke (System.Object obj, System.Object[] parameters) [0x00000] in <d4cde64232cf45659d86aafa597faa77>:0 
  at UnityEditor.EditorAssemblies.ProcessInitializeOnLoadMethodAttributes () [0x000a5] in <36f62d8e760b48f7af5d32916f997ce1>:0 
UnityEngine.StackTraceUtility:ExtractStackTrace ()
UnityEngine.DebugLogHandler:LogFormat (UnityEngine.LogType,UnityEngine.Object,string,object[])
UnityEngine.Logger:Log (UnityEngine.LogType,object)
UnityEngine.Debug:LogError (object)
UnityEditor.EditorAssemblies:ProcessInitializeOnLoadMethodAttributes ()

Mono: successfully reloaded assembly
- Completed reload, in  1.017 seconds
Domain Reload Profiling:
	ReloadAssembly (1017ms)
		BeginReloadAssembly (82ms)
			ExecutionOrderSort (0ms)
			DisableScriptedObjects (4ms)
			BackupInstance (0ms)
			ReleaseScriptingObjects (0ms)
			CreateAndSetChildDomain (16ms)
		EndReloadAssembly (846ms)
			LoadAssemblies (65ms)
			RebuildTransferFunctionScriptingTraits (0ms)
			SetupTypeCache (216ms)
			ReleaseScriptCaches (1ms)
			RebuildScriptCaches (46ms)
			SetupLoadedEditorAssemblies (475ms)
				LogAssemblyErrors (0ms)
				InitializePlatformSupportModulesInManaged (5ms)
				SetLoadedEditorAssemblies (0ms)
				RefreshPlugins (96ms)
				BeforeProcessingInitializeOnLoad (94ms)
				ProcessInitializeOnLoadAttributes (243ms)
				ProcessInitializeOnLoadMethodAttributes (29ms)
				AfterProcessingInitializeOnLoad (7ms)
				EditorAssembliesLoaded (0ms)
			ExecutionOrderSort2 (0ms)
			AwakeInstancesAfterBackupRestoration (6ms)
Platform modules already initialized, skipping
========================================================================
Worker process is ready to serve import requests
Launched and connected shader compiler UnityShaderCompiler.exe after 0.04 seconds
Refreshing native plugins compatible for Editor in 0.97 ms, found 11 plugins.
Preloading 1 native plugins for Editor in 0.10 ms.
Unloading 4474 Unused Serialized files (Serialized files now loaded: 0)
Unloading 50 unused Assets / (163.8 KB). Loaded Objects now: 4915.
Memory consumption went from 159.8 MB to 159.7 MB.
Total: 3.491800 ms (FindLiveObjects: 0.327800 ms CreateObjectMapping: 0.155400 ms MarkObjects: 2.868300 ms  DeleteObjects: 0.139100 ms)

AssetImportParameters requested are different than current active one (requested -> active):
  custom:video-decoder-ogg-theora: a1e56fd34408186e4bbccfd4996cb3dc -> 
  custom:container-muxer-webm: aa71ff27fc2769a1b78a27578f13a17b -> 
  custom:container-demuxer-webm: 4f35f7cbe854078d1ac9338744f61a02 -> 
  custom:video-encoder-webm-vp8: eb34c28f22e8b96e1ab97ce403110664 -> 
  custom:audio-encoder-webm-vorbis: bf7c407c2cedff20999df2af8eb42d56 -> 
  custom:framework-win-MediaFoundation: 216162199b28c13a410421893ffa2e32 -> 
  custom:container-demuxer-ogg: 62fdf1f143b41e24485cea50d1cbac27 -> 
  custom:video-decoder-webm-vp8: 9c59270c3fd7afecdb556c50c9e8de78 -> 
  custom:audio-decoder-ogg-vorbis: bf7c407c2cedff20999df2af8eb42d56 -> 
========================================================================
Received Import Request.
  Time since last request: 2889806.867666 seconds.
  path: Assets/AssetStoreOriginals/_SNAPS_PrototypingAssets
  artifactKey: Guid(3de6a505ee1395544a2f0a3dfdc1e170) Importer(815301076,1909f56bfc062723c751e8b465ee728b)
Start importing Assets/AssetStoreOriginals/_SNAPS_PrototypingAssets using Guid(3de6a505ee1395544a2f0a3dfdc1e170) Importer(815301076,1909f56bfc062723c751e8b465ee728b)  -> (artifact id: '30bc8b39f0ef57d59c00cb7e0d6e9faa') in 0.011396 seconds 
========================================================================
Received Import Request.
  Time since last request: 0.000025 seconds.
  path: Assets/AssetStoreOriginals/_SNAPS_PrototypingAssets/ModernOffice_Interior
  artifactKey: Guid(297b5e148799d744c923d359390b9f38) Importer(815301076,1909f56bfc062723c751e8b465ee728b)
Start importing Assets/AssetStoreOriginals/_SNAPS_PrototypingAssets/ModernOffice_Interior using Guid(297b5e148799d744c923d359390b9f38) Importer(815301076,1909f56bfc062723c751e8b465ee728b)  -> (artifact id: 'aa6b316e278ce216cd4dbbbe3cc1413f') in 0.005077 seconds 
========================================================================
Received Import Request.
  Time since last request: 0.000021 seconds.
  path: Assets/AssetStoreOriginals/_SNAPS_PrototypingAssets/ModernOffice_Interior/SampleScenes
  artifactKey: Guid(4f704ae4b4f98ae41a0bce26658850c1) Importer(815301076,1909f56bfc062723c751e8b465ee728b)
Start importing Assets/AssetStoreOriginals/_SNAPS_PrototypingAssets/ModernOffice_Interior/SampleScenes using Guid(4f704ae4b4f98ae41a0bce26658850c1) Importer(815301076,1909f56bfc062723c751e8b465ee728b)  -> (artifact id: 'f40d30b95d24ec5196d4d79ca86198f1') in 0.004292 seconds 
========================================================================
Received Import Request.
  Time since last request: 0.114286 seconds.
  path: Assets/AssetStoreOriginals/_SNAPS_PrototypingAssets/ModernOffice_Interior/SampleScenes/ModernOffice_Interior_SampleLayout.unity
  artifactKey: Guid(2194fe559202da244a6cc0ad8cbc636d) Importer(815301076,1909f56bfc062723c751e8b465ee728b)
Start importing Assets/AssetStoreOriginals/_SNAPS_PrototypingAssets/ModernOffice_Interior/SampleScenes/ModernOffice_Interior_SampleLayout.unity using Guid(2194fe559202da244a6cc0ad8cbc636d) Importer(815301076,1909f56bfc062723c751e8b465ee728b)  -> (artifact id: 'ba6d1b91ae25b1a7f773eea9f8f9eb70') in 0.004790 seconds 
========================================================================
Received Import Request.
  Time since last request: 0.617407 seconds.
  path: Assets/AssetStoreOriginals/_SNAPS_PrototypingAssets/ModernOffice_Interior/SampleScenes/ModernOffice_Interior_PrefabLayout.unity
  artifactKey: Guid(acdd8911a304f1e4aa73dcd9f6be5461) Importer(815301076,1909f56bfc062723c751e8b465ee728b)
Start importing Assets/AssetStoreOriginals/_SNAPS_PrototypingAssets/ModernOffice_Interior/SampleScenes/ModernOffice_Interior_PrefabLayout.unity using Guid(acdd8911a304f1e4aa73dcd9f6be5461) Importer(815301076,1909f56bfc062723c751e8b465ee728b)  -> (artifact id: 'c135a6a8599c9e7aada09aafbdd2cfbe') in 0.004738 seconds 
